Using pre-set license
Built from '2020.3/release' branch; Version is '2020.3.2f1 (8fd9074bf66c) revision 9427207'; Using compiler version '192528614'; Build Type 'Release'
OS: 'Windows 10 Pro; OS build 19042.1052; Version 2009; 64bit' Language: 'en' Physical Memory: 4027 MB
BatchMode: 1, IsHumanControllingUs: 0, StartBugReporterOnCrash: 0, Is64bit: 1, IsPro: 0

 COMMAND LINE ARGUMENTS:
C:\Program Files\Unity\Hub\Editor\2020.3.2f1\Editor\Unity.exe
-adb2
-batchMode
-noUpm
-name
AssetImportWorker25
-projectPath
C:/Users/njugu/Unity Projects/Flap-Flap-Flap
-logFile
Logs/AssetImportWorker25.log
-srvPort
60340
Successfully changed project path to: C:/Users/njugu/Unity Projects/Flap-Flap-Flap
C:/Users/njugu/Unity Projects/Flap-Flap-Flap
Using Asset Import Pipeline V2.
Refreshing native plugins compatible for Editor in 89.17 ms, found 1 plugins.
Preloading 0 native plugins for Editor in 0.00 ms.
Initialize engine version: 2020.3.2f1 (8fd9074bf66c)
[Subsystems] Discovering subsystems at path C:/Program Files/Unity/Hub/Editor/2020.3.2f1/Editor/Data/Resources/UnitySubsystems
[Subsystems] Discovering subsystems at path C:/Users/njugu/Unity Projects/Flap-Flap-Flap/Assets
GfxDevice: creating device client; threaded=0
Direct3D:
    Version:  Direct3D 11.0 [level 11.1]
    Renderer: Intel(R) HD Graphics Family (ID=0xa16)
    Vendor:   
    VRAM:     2013 MB
    Driver:   20.19.15.4531
Initialize mono
Mono path[0] = 'C:/Program Files/Unity/Hub/Editor/2020.3.2f1/Editor/Data/Managed'
Mono path[1] = 'C:/Program Files/Unity/Hub/Editor/2020.3.2f1/Editor/Data/MonoBleedingEdge/lib/mono/unityjit'
Mono config path = 'C:/Program Files/Unity/Hub/Editor/2020.3.2f1/Editor/Data/MonoBleedingEdge/etc'
Using monoOptions --debugger-agent=transport=dt_socket,embedding=1,server=y,suspend=n,address=127.0.0.1:56120
Begin MonoManager ReloadAssembly
Registering precompiled unity dll's ...
Register platform support module: C:/Program Files/Unity/Hub/Editor/2020.3.2f1/Editor/Data/PlaybackEngines/WebGLSupport/UnityEditor.WebGL.Extensions.dll
Register platform support module: C:/Program Files/Unity/Hub/Editor/2020.3.2f1/Editor/Data/PlaybackEngines/WindowsStandaloneSupport/UnityEditor.WindowsStandalone.Extensions.dll
Registered in 0.005557 seconds.
Native extension for WindowsStandalone target not found
Native extension for WebGL target not found
Refreshing native plugins compatible for Editor in 84.33 ms, found 1 plugins.
Preloading 0 native plugins for Editor in 0.00 ms.
Invoked RoslynAnalysisRunner static constructor.
RoslynAnalysisRunner will not be running.
RoslynAnalysisRunner has terminated.
Mono: successfully reloaded assembly
- Completed reload, in 15.702 seconds
Platform modules already initialized, skipping
Registering precompiled user dll's ...
Registered in 0.001997 seconds.
Begin MonoManager ReloadAssembly
Native extension for WindowsStandalone target not found
Native extension for WebGL target not found
Refreshing native plugins compatible for Editor in 99.53 ms, found 1 plugins.
Preloading 0 native plugins for Editor in 0.00 ms.
Invoked RoslynAnalysisRunner static constructor.
RoslynAnalysisRunner will not be running.
RoslynAnalysisRunner has terminated.
Mono: successfully reloaded assembly
- Completed reload, in  4.905 seconds
Platform modules already initialized, skipping
========================================================================
Worker process is ready to serve import requests
Launched and connected shader compiler UnityShaderCompiler.exe after 0.92 seconds
Refreshing native plugins compatible for Editor in 0.79 ms, found 1 plugins.
Preloading 0 native plugins for Editor in 0.00 ms.
Unloading 1815 Unused Serialized files (Serialized files now loaded: 0)
System memory in use before: 85.2 MB.
System memory in use after: 85.2 MB.

Unloading 24 unused Assets to reduce memory usage. Loaded Objects now: 2260.
Total: 283.533100 ms (FindLiveObjects: 0.354400 ms CreateObjectMapping: 0.169100 ms MarkObjects: 246.004600 ms  DeleteObjects: 37.000300 ms)

========================================================================
Received Import Request.
  path: Assets/Scripts
  artifactKey: Guid(4d74772da7e519845a711d97f06b9626) Importer(815301076,1909f56bfc062723c751e8b465ee728b)
Start importing Assets/Scripts using Guid(4d74772da7e519845a711d97f06b9626) Importer(815301076,1909f56bfc062723c751e8b465ee728b)  -> (artifact id: '1e123f4cb3cc4d4432cdedef2fc93fb2') in 1.620266 seconds
  Import took 1.674936 seconds .

========================================================================
Received Import Request.
  Time since last request: 0.067024 seconds.
  path: Assets/Scripts/GameManager.cs
  artifactKey: Guid(a25e5a70f424b1f49b57aefe9f2c0b14) Importer(815301076,1909f56bfc062723c751e8b465ee728b)
Start importing Assets/Scripts/GameManager.cs using Guid(a25e5a70f424b1f49b57aefe9f2c0b14) Importer(815301076,1909f56bfc062723c751e8b465ee728b)  -> (artifact id: '4bb64778374a7cb809b927f0978698fb') in 1.688065 seconds
  Import took 1.760240 seconds .

